Using pre-set license
Built from '2021.1/staging' branch; Version is '2021.1.13f1 (a03098edbbe0) revision 10498200'; Using compiler version '192528614'; Build Type 'Release'
OS: 'Windows 10 Home; OS build 19043.1165; Version 2009; 64bit' Language: 'de' Physical Memory: 32702 MB
BatchMode: 1, IsHumanControllingUs: 0, StartBugReporterOnCrash: 0, Is64bit: 1, IsPro: 0

 COMMAND LINE ARGUMENTS:
C:\Program Files\Unity\Hub\Editor\2021.1.13f1\Editor\Unity.exe
-adb2
-batchMode
-noUpm
-name
AssetImportWorker0
-projectPath
E:/nils/programmieren/fertig/C#/Unity/VInce
-logFile
Logs/AssetImportWorker0.log
-srvPort
55064
Successfully changed project path to: E:/nils/programmieren/fertig/C#/Unity/VInce
E:/nils/programmieren/fertig/C#/Unity/VInce
Using Asset Import Pipeline V2.
Refreshing native plugins compatible for Editor in 86.66 ms, found 4 plugins.
Preloading 0 native plugins for Editor in 0.00 ms.
Initialize engine version: 2021.1.13f1 (a03098edbbe0)
[Subsystems] Discovering subsystems at path C:/Program Files/Unity/Hub/Editor/2021.1.13f1/Editor/Data/Resources/UnitySubsystems
[Subsystems] Discovering subsystems at path E:/nils/programmieren/fertig/C#/Unity/VInce/Assets
GfxDevice: creating device client; threaded=0; jobified=0
Direct3D:
    Version:  Direct3D 11.0 [level 11.1]
    Renderer: NVIDIA GeForce GTX 1050 Ti (ID=0x1c82)
    Vendor:   NVIDIA
    VRAM:     4018 MB
    Driver:   27.21.14.5671
Initialize mono
Mono path[0] = 'C:/Program Files/Unity/Hub/Editor/2021.1.13f1/Editor/Data/Managed'
Mono path[1] = 'C:/Program Files/Unity/Hub/Editor/2021.1.13f1/Editor/Data/MonoBleedingEdge/lib/mono/unityjit'
Mono config path = 'C:/Program Files/Unity/Hub/Editor/2021.1.13f1/Editor/Data/MonoBleedingEdge/etc'
Using monoOptions --debugger-agent=transport=dt_socket,embedding=1,server=y,suspend=n,address=127.0.0.1:56532
Begin MonoManager ReloadAssembly
Registering precompiled unity dll's ...
Register platform support module: C:/Program Files/Unity/Hub/Editor/2021.1.13f1/Editor/Data/PlaybackEngines/WebGLSupport/UnityEditor.WebGL.Extensions.dll
Register platform support module: C:/Program Files/Unity/Hub/Editor/2021.1.13f1/Editor/Data/PlaybackEngines/WindowsStandaloneSupport/UnityEditor.WindowsStandalone.Extensions.dll
Registered in 0.002025 seconds.
Native extension for WindowsStandalone target not found
Native extension for WebGL target not found
Refreshing native plugins compatible for Editor in 88.97 ms, found 4 plugins.
Preloading 0 native plugins for Editor in 0.00 ms.
Mono: successfully reloaded assembly
- Completed reload, in  1.553 seconds
Domain Reload Profiling:
	ReloadAssembly (1553ms)
		BeginReloadAssembly (47ms)
			ExecutionOrderSort (0ms)
			DisableScriptedObjects (0ms)
			BackupInstance (0ms)
			ReleaseScriptingObjects (0ms)
			CreateAndSetChildDomain (1ms)
		EndReloadAssembly (423ms)
			LoadAssemblies (46ms)
			RebuildTransferFunctionScriptingTraits (0ms)
			SetupTypeCache (143ms)
			ReleaseScriptCaches (0ms)
			RebuildScriptCaches (28ms)
			SetupLoadedEditorAssemblies (211ms)
				LogAssemblyErrors (0ms)
				InitializePlatformSupportModulesInManaged (6ms)
				SetLoadedEditorAssemblies (0ms)
				RefreshPlugins (89ms)
				BeforeProcessingInitializeOnLoad (1ms)
				ProcessInitializeOnLoadAttributes (88ms)
				ProcessInitializeOnLoadMethodAttributes (26ms)
				AfterProcessingInitializeOnLoad (0ms)
				EditorAssembliesLoaded (0ms)
			ExecutionOrderSort2 (0ms)
			AwakeInstancesAfterBackupRestoration (0ms)
Platform modules already initialized, skipping
Registering precompiled user dll's ...
Registered in 0.003774 seconds.
Begin MonoManager ReloadAssembly
Symbol file LoadedFromMemory doesn't match image E:\nils\programmieren\fertig\C#\Unity\VInce\Library\PackageCache\com.unity.visualscripting@1.6.1\Editor\VisualScripting.Core\Dependencies\YamlDotNet\Unity.VisualScripting.YamlDotNet.dll
Symbol file LoadedFromMemory doesn't match image E:\nils\programmieren\fertig\C#\Unity\VInce\Library\PackageCache\com.unity.visualscripting@1.6.1\Editor\VisualScripting.Core\Dependencies\DotNetZip\Unity.VisualScripting.IonicZip.dll
Native extension for WindowsStandalone target not found
Native extension for WebGL target not found
Refreshing native plugins compatible for Editor in 89.09 ms, found 4 plugins.
Preloading 0 native plugins for Editor in 0.00 ms.
Mono: successfully reloaded assembly
- Completed reload, in  1.128 seconds
Domain Reload Profiling:
	ReloadAssembly (1128ms)
		BeginReloadAssembly (130ms)
			ExecutionOrderSort (0ms)
			DisableScriptedObjects (4ms)
			BackupInstance (0ms)
			ReleaseScriptingObjects (0ms)
			CreateAndSetChildDomain (16ms)
		EndReloadAssembly (941ms)
			LoadAssemblies (79ms)
			RebuildTransferFunctionScriptingTraits (0ms)
			SetupTypeCache (320ms)
			ReleaseScriptCaches (1ms)
			RebuildScriptCaches (49ms)
			SetupLoadedEditorAssemblies (405ms)
				LogAssemblyErrors (0ms)
				InitializePlatformSupportModulesInManaged (5ms)
				SetLoadedEditorAssemblies (0ms)
				RefreshPlugins (89ms)
				BeforeProcessingInitializeOnLoad (75ms)
				ProcessInitializeOnLoadAttributes (215ms)
				ProcessInitializeOnLoadMethodAttributes (14ms)
				AfterProcessingInitializeOnLoad (6ms)
				EditorAssembliesLoaded (0ms)
			ExecutionOrderSort2 (0ms)
			AwakeInstancesAfterBackupRestoration (7ms)
Platform modules already initialized, skipping
========================================================================
Worker process is ready to serve import requests
Launched and connected shader compiler UnityShaderCompiler.exe after 0.04 seconds
Refreshing native plugins compatible for Editor in 0.75 ms, found 4 plugins.
Preloading 0 native plugins for Editor in 0.00 ms.
Unloading 3668 Unused Serialized files (Serialized files now loaded: 0)
System memory in use before: 136.1 MB.
System memory in use after: 136.2 MB.

Unloading 37 unused Assets to reduce memory usage. Loaded Objects now: 4112.
Total: 2.483900 ms (FindLiveObjects: 0.247000 ms CreateObjectMapping: 0.157400 ms MarkObjects: 1.986100 ms  DeleteObjects: 0.092600 ms)

AssetImportParameters requested are different than current active one (requested -> active):
  custom:framework-win-MediaFoundation: 216162199b28c13a410421893ffa2e32 -> 
  custom:video-decoder-ogg-theora: a1e56fd34408186e4bbccfd4996cb3dc -> 
  custom:container-muxer-webm: aa71ff27fc2769a1b78a27578f13a17b -> 
  custom:container-demuxer-webm: 4f35f7cbe854078d1ac9338744f61a02 -> 
  custom:container-demuxer-ogg: 62fdf1f143b41e24485cea50d1cbac27 -> 
  custom:video-encoder-webm-vp8: eb34c28f22e8b96e1ab97ce403110664 -> 
  custom:video-decoder-webm-vp8: 9c59270c3fd7afecdb556c50c9e8de78 -> 
  custom:audio-decoder-ogg-vorbis: bf7c407c2cedff20999df2af8eb42d56 -> 
  custom:audio-encoder-webm-vorbis: bf7c407c2cedff20999df2af8eb42d56 -> 
========================================================================
Received Import Request.
  path: Assets
  artifactKey: Guid(00000000000000001000000000000000) Importer(815301076,1909f56bfc062723c751e8b465ee728b)
Start importing Assets using Guid(00000000000000001000000000000000) Importer(815301076,1909f56bfc062723c751e8b465ee728b)  -> (artifact id: '68a4034d3d715da871e781da702f0bc5') in 0.005855 seconds 
========================================================================
Received Import Request.
  Time since last request: 4.191141 seconds.
  path: Assets/Scripts
  artifactKey: Guid(38f814ab193226a4899c17e3e4646071) Importer(815301076,1909f56bfc062723c751e8b465ee728b)
Start importing Assets/Scripts using Guid(38f814ab193226a4899c17e3e4646071) Importer(815301076,1909f56bfc062723c751e8b465ee728b)  -> (artifact id: 'b5657dada05355ab53a5846933acc389') in 0.002828 seconds 
========================================================================
Received Import Request.
  Time since last request: 4.639180 seconds.
  path: Assets/Images
  artifactKey: Guid(2fe57836ae7c68d4199f9e6385af40e8) Importer(815301076,1909f56bfc062723c751e8b465ee728b)
Start importing Assets/Images using Guid(2fe57836ae7c68d4199f9e6385af40e8) Importer(815301076,1909f56bfc062723c751e8b465ee728b)  -> (artifact id: '1341608b9eaf6e3df2e39792e69a0926') in 0.002807 seconds 
========================================================================
Received Import Request.
  Time since last request: 9.964898 seconds.
  path: Assets/Images/test.png
  artifactKey: Guid(93f01e5daa1c5594586ee25e886a7f7a) Importer(815301076,1909f56bfc062723c751e8b465ee728b)
Start importing Assets/Images/test.png using Guid(93f01e5daa1c5594586ee25e886a7f7a) Importer(815301076,1909f56bfc062723c751e8b465ee728b)  -> (artifact id: '5685e2f53407c635afb924709217adce') in 0.080911 seconds 
========================================================================
Received Import Request.
  Time since last request: 28.904552 seconds.
  path: Assets/Images/8_Bit_Vince.png
  artifactKey: Guid(d1e6c2a319af7ec46acfbfc8fe8ab996) Importer(815301076,1909f56bfc062723c751e8b465ee728b)
Start importing Assets/Images/8_Bit_Vince.png using Guid(d1e6c2a319af7ec46acfbfc8fe8ab996) Importer(815301076,1909f56bfc062723c751e8b465ee728b)  -> (artifact id: 'ca9b4b1266c65cc707c2aff1f869e642') in 0.032251 seconds 
========================================================================
Received Import Request.
  Time since last request: 18.113015 seconds.
  path: Assets/Images/8_Bit_Vince.png
  artifactKey: Guid(d1e6c2a319af7ec46acfbfc8fe8ab996) Importer(815301076,1909f56bfc062723c751e8b465ee728b)
Start importing Assets/Images/8_Bit_Vince.png using Guid(d1e6c2a319af7ec46acfbfc8fe8ab996) Importer(815301076,1909f56bfc062723c751e8b465ee728b)  -> (artifact id: '456bb81988db333300fdbc4b7e4ecb94') in 0.008145 seconds 
========================================================================
Received Import Request.
  Time since last request: 1996.096465 seconds.
  path: Assets/Images/Ableton_10_Test_Design_und_Workflow.jpg
  artifactKey: Guid(5386ff7169d387446be6f773293c9d6a) Importer(815301076,1909f56bfc062723c751e8b465ee728b)
Start importing Assets/Images/Ableton_10_Test_Design_und_Workflow.jpg using Guid(5386ff7169d387446be6f773293c9d6a) Importer(815301076,1909f56bfc062723c751e8b465ee728b)  -> (artifact id: 'a8571d4114107015fe8490252e67de6f') in 0.016133 seconds 
========================================================================
Received Import Request.
  Time since last request: 32.540706 seconds.
  path: Assets/Images/Ableton_10_Test_Design_und_Workflow.jpg
  artifactKey: Guid(5386ff7169d387446be6f773293c9d6a) Importer(815301076,1909f56bfc062723c751e8b465ee728b)
Start importing Assets/Images/Ableton_10_Test_Design_und_Workflow.jpg using Guid(5386ff7169d387446be6f773293c9d6a) Importer(815301076,1909f56bfc062723c751e8b465ee728b)  -> (artifact id: '4ec30362b7de6cbd0d46cc410630fd07') in 0.011714 seconds 
========================================================================
Received Import Request.
  Time since last request: 42.253122 seconds.
  path: Assets/Materials
  artifactKey: Guid(83052901e456c7449884eed45dc8e37b) Importer(815301076,1909f56bfc062723c751e8b465ee728b)
Start importing Assets/Materials using Guid(83052901e456c7449884eed45dc8e37b) Importer(815301076,1909f56bfc062723c751e8b465ee728b)  -> (artifact id: '622749fe3992cb76c0bc0527c69aa403') in 0.002766 seconds 
========================================================================
Received Import Request.
  Time since last request: 10.335367 seconds.
  path: Assets/Materials/Track.mat
  artifactKey: Guid(8a3aae28b7ccf4241a42bb5cad2b6b26) Importer(815301076,1909f56bfc062723c751e8b465ee728b)
Start importing Assets/Materials/Track.mat using Guid(8a3aae28b7ccf4241a42bb5cad2b6b26) Importer(815301076,1909f56bfc062723c751e8b465ee728b)  -> (artifact id: 'ff3f761e5705012bac7672cfa60a54eb') in 0.036191 seconds 
========================================================================
Received Import Request.
  Time since last request: 340.990875 seconds.
  path: Assets/Images/Ableton_10_Test_Design_und_Workflow.jpg
  artifactKey: Guid(5386ff7169d387446be6f773293c9d6a) Importer(815301076,1909f56bfc062723c751e8b465ee728b)
Start importing Assets/Images/Ableton_10_Test_Design_und_Workflow.jpg using Guid(5386ff7169d387446be6f773293c9d6a) Importer(815301076,1909f56bfc062723c751e8b465ee728b)  -> (artifact id: 'c46ffd2ea6c5e6b810bf4e213138eb1b') in 0.009024 seconds 
========================================================================
Received Import Request.
  Time since last request: 828.854149 seconds.
  path: Assets/Vince.docx
  artifactKey: Guid(f5c7047192f6de04ca42ce6a2ea907b2) Importer(815301076,1909f56bfc062723c751e8b465ee728b)
Start importing Assets/Vince.docx using Guid(f5c7047192f6de04ca42ce6a2ea907b2) Importer(815301076,1909f56bfc062723c751e8b465ee728b)  -> (artifact id: '4ac640b43305312f9d68f7ffca2d2c21') in 0.006735 seconds 
========================================================================
Received Prepare
Registering precompiled user dll's ...
Registered in 0.003896 seconds.
Begin MonoManager ReloadAssembly
Symbol file LoadedFromMemory doesn't match image E:\nils\programmieren\fertig\C#\Unity\VInce\Library\PackageCache\com.unity.visualscripting@1.6.1\Editor\VisualScripting.Core\Dependencies\YamlDotNet\Unity.VisualScripting.YamlDotNet.dll
Symbol file LoadedFromMemory doesn't match image E:\nils\programmieren\fertig\C#\Unity\VInce\Library\PackageCache\com.unity.visualscripting@1.6.1\Editor\VisualScripting.Core\Dependencies\DotNetZip\Unity.VisualScripting.IonicZip.dll
Native extension for WindowsStandalone target not found
Native extension for WebGL target not found
Refreshing native plugins compatible for Editor in 0.65 ms, found 4 plugins.
Preloading 0 native plugins for Editor in 0.00 ms.
Mono: successfully reloaded assembly
- Completed reload, in  0.994 seconds
Domain Reload Profiling:
	ReloadAssembly (995ms)
		BeginReloadAssembly (109ms)
			ExecutionOrderSort (0ms)
			DisableScriptedObjects (5ms)
			BackupInstance (0ms)
			ReleaseScriptingObjects (0ms)
			CreateAndSetChildDomain (36ms)
		EndReloadAssembly (829ms)
			LoadAssemblies (79ms)
			RebuildTransferFunctionScriptingTraits (0ms)
			SetupTypeCache (323ms)
			ReleaseScriptCaches (1ms)
			RebuildScriptCaches (41ms)
			SetupLoadedEditorAssemblies (283ms)
				LogAssemblyErrors (0ms)
				InitializePlatformSupportModulesInManaged (5ms)
				SetLoadedEditorAssemblies (0ms)
				RefreshPlugins (1ms)
				BeforeProcessingInitializeOnLoad (57ms)
				ProcessInitializeOnLoadAttributes (206ms)
				ProcessInitializeOnLoadMethodAttributes (7ms)
				AfterProcessingInitializeOnLoad (6ms)
				EditorAssembliesLoaded (0ms)
			ExecutionOrderSort2 (0ms)
			AwakeInstancesAfterBackupRestoration (13ms)
Platform modules already initialized, skipping
Refreshing native plugins compatible for Editor in 0.66 ms, found 4 plugins.
Preloading 0 native plugins for Editor in 0.00 ms.
Unloading 3666 Unused Serialized files (Serialized files now loaded: 0)
System memory in use before: 143.2 MB.
System memory in use after: 143.3 MB.

Unloading 25 unused Assets to reduce memory usage. Loaded Objects now: 4251.
Total: 2.752800 ms (FindLiveObjects: 0.260000 ms CreateObjectMapping: 0.140200 ms MarkObjects: 2.238100 ms  DeleteObjects: 0.113900 ms)

AssetImportParameters requested are different than current active one (requested -> active):
  custom:framework-win-MediaFoundation: 216162199b28c13a410421893ffa2e32 -> 
  custom:video-decoder-ogg-theora: a1e56fd34408186e4bbccfd4996cb3dc -> 
  custom:container-muxer-webm: aa71ff27fc2769a1b78a27578f13a17b -> 
  custom:container-demuxer-webm: 4f35f7cbe854078d1ac9338744f61a02 -> 
  custom:container-demuxer-ogg: 62fdf1f143b41e24485cea50d1cbac27 -> 
  custom:video-encoder-webm-vp8: eb34c28f22e8b96e1ab97ce403110664 -> 
  custom:video-decoder-webm-vp8: 9c59270c3fd7afecdb556c50c9e8de78 -> 
  custom:audio-decoder-ogg-vorbis: bf7c407c2cedff20999df2af8eb42d56 -> 
  custom:audio-encoder-webm-vorbis: bf7c407c2cedff20999df2af8eb42d56 -> 
========================================================================
Received Import Request.
  Time since last request: 645.011852 seconds.
  path: Assets/~$Vince.docx
  artifactKey: Guid(c85cdfb5167d40346ae1c60e5c17e5a6) Importer(815301076,1909f56bfc062723c751e8b465ee728b)
Start importing Assets/~$Vince.docx using Guid(c85cdfb5167d40346ae1c60e5c17e5a6) Importer(815301076,1909f56bfc062723c751e8b465ee728b)  -> (artifact id: '35fcf80a1d3c842304f534ee73b28cb6') in 0.015563 seconds 
========================================================================
Received Import Request.
  Time since last request: 8.017194 seconds.
  path: Assets/Images/Ableton_10_Test_Design_und_Workflow.jpg
  artifactKey: Guid(5386ff7169d387446be6f773293c9d6a) Importer(815301076,1909f56bfc062723c751e8b465ee728b)
Start importing Assets/Images/Ableton_10_Test_Design_und_Workflow.jpg using Guid(5386ff7169d387446be6f773293c9d6a) Importer(815301076,1909f56bfc062723c751e8b465ee728b)  -> (artifact id: '2a52a819491edd401f6410389a0be2fb') in 0.036040 seconds 
========================================================================
Received Import Request.
  Time since last request: 562.526068 seconds.
  path: Assets/Scripts/PlayerMovement.cs
  artifactKey: Guid(ff73b21320a475e4295c76be161aa1a2) Importer(815301076,1909f56bfc062723c751e8b465ee728b)
Start importing Assets/Scripts/PlayerMovement.cs using Guid(ff73b21320a475e4295c76be161aa1a2) Importer(815301076,1909f56bfc062723c751e8b465ee728b)  -> (artifact id: '621a22fda6c73775ab93c597038d0acf') in 0.012294 seconds 
========================================================================
Received Prepare
Registering precompiled user dll's ...
Registered in 0.003800 seconds.
Begin MonoManager ReloadAssembly
Symbol file LoadedFromMemory doesn't match image E:\nils\programmieren\fertig\C#\Unity\VInce\Library\PackageCache\com.unity.visualscripting@1.6.1\Editor\VisualScripting.Core\Dependencies\YamlDotNet\Unity.VisualScripting.YamlDotNet.dll
Symbol file LoadedFromMemory doesn't match image E:\nils\programmieren\fertig\C#\Unity\VInce\Library\PackageCache\com.unity.visualscripting@1.6.1\Editor\VisualScripting.Core\Dependencies\DotNetZip\Unity.VisualScripting.IonicZip.dll
Native extension for WindowsStandalone target not found
Native extension for WebGL target not found
Refreshing native plugins compatible for Editor in 0.66 ms, found 4 plugins.
Preloading 0 native plugins for Editor in 0.00 ms.
Mono: successfully reloaded assembly
- Completed reload, in  1.046 seconds
Domain Reload Profiling:
	ReloadAssembly (1046ms)
		BeginReloadAssembly (119ms)
			ExecutionOrderSort (0ms)
			DisableScriptedObjects (6ms)
			BackupInstance (0ms)
			ReleaseScriptingObjects (0ms)
			CreateAndSetChildDomain (37ms)
		EndReloadAssembly (870ms)
			LoadAssemblies (84ms)
			RebuildTransferFunctionScriptingTraits (0ms)
			SetupTypeCache (351ms)
			ReleaseScriptCaches (1ms)
			RebuildScriptCaches (41ms)
			SetupLoadedEditorAssemblies (294ms)
				LogAssemblyErrors (0ms)
				InitializePlatformSupportModulesInManaged (5ms)
				SetLoadedEditorAssemblies (0ms)
				RefreshPlugins (1ms)
				BeforeProcessingInitializeOnLoad (58ms)
				ProcessInitializeOnLoadAttributes (216ms)
				ProcessInitializeOnLoadMethodAttributes (8ms)
				AfterProcessingInitializeOnLoad (6ms)
				EditorAssembliesLoaded (0ms)
			ExecutionOrderSort2 (0ms)
			AwakeInstancesAfterBackupRestoration (14ms)
Platform modules already initialized, skipping
Refreshing native plugins compatible for Editor in 0.65 ms, found 4 plugins.
Preloading 0 native plugins for Editor in 0.00 ms.
Unloading 3664 Unused Serialized files (Serialized files now loaded: 0)
System memory in use before: 143.6 MB.
System memory in use after: 143.7 MB.

Unloading 25 unused Assets to reduce memory usage. Loaded Objects now: 4271.
Total: 2.534800 ms (FindLiveObjects: 0.284000 ms CreateObjectMapping: 0.166400 ms MarkObjects: 1.995200 ms  DeleteObjects: 0.088000 ms)

AssetImportParameters requested are different than current active one (requested -> active):
  custom:framework-win-MediaFoundation: 216162199b28c13a410421893ffa2e32 -> 
  custom:video-decoder-ogg-theora: a1e56fd34408186e4bbccfd4996cb3dc -> 
  custom:container-muxer-webm: aa71ff27fc2769a1b78a27578f13a17b -> 
  custom:container-demuxer-webm: 4f35f7cbe854078d1ac9338744f61a02 -> 
  custom:container-demuxer-ogg: 62fdf1f143b41e24485cea50d1cbac27 -> 
  custom:video-encoder-webm-vp8: eb34c28f22e8b96e1ab97ce403110664 -> 
  custom:video-decoder-webm-vp8: 9c59270c3fd7afecdb556c50c9e8de78 -> 
  custom:audio-decoder-ogg-vorbis: bf7c407c2cedff20999df2af8eb42d56 -> 
  custom:audio-encoder-webm-vorbis: bf7c407c2cedff20999df2af8eb42d56 -> 
========================================================================
Received Prepare
Registering precompiled user dll's ...
Registered in 0.003801 seconds.
Begin MonoManager ReloadAssembly
Symbol file LoadedFromMemory doesn't match image E:\nils\programmieren\fertig\C#\Unity\VInce\Library\PackageCache\com.unity.visualscripting@1.6.1\Editor\VisualScripting.Core\Dependencies\YamlDotNet\Unity.VisualScripting.YamlDotNet.dll
Symbol file LoadedFromMemory doesn't match image E:\nils\programmieren\fertig\C#\Unity\VInce\Library\PackageCache\com.unity.visualscripting@1.6.1\Editor\VisualScripting.Core\Dependencies\DotNetZip\Unity.VisualScripting.IonicZip.dll
Native extension for WindowsStandalone target not found
Native extension for WebGL target not found
Refreshing native plugins compatible for Editor in 95.14 ms, found 4 plugins.
Preloading 0 native plugins for Editor in 0.00 ms.
Mono: successfully reloaded assembly
- Completed reload, in  0.830 seconds
Domain Reload Profiling:
	ReloadAssembly (830ms)
		BeginReloadAssembly (107ms)
			ExecutionOrderSort (0ms)
			DisableScriptedObjects (8ms)
			BackupInstance (0ms)
			ReleaseScriptingObjects (0ms)
			CreateAndSetChildDomain (36ms)
		EndReloadAssembly (668ms)
			LoadAssemblies (70ms)
			RebuildTransferFunctionScriptingTraits (0ms)
			SetupTypeCache (218ms)
			ReleaseScriptCaches (1ms)
			RebuildScriptCaches (28ms)
			SetupLoadedEditorAssemblies (253ms)
				LogAssemblyErrors (0ms)
				InitializePlatformSupportModulesInManaged (5ms)
				SetLoadedEditorAssemblies (0ms)
				RefreshPlugins (95ms)
				BeforeProcessingInitializeOnLoad (57ms)
				ProcessInitializeOnLoadAttributes (85ms)
				ProcessInitializeOnLoadMethodAttributes (4ms)
				AfterProcessingInitializeOnLoad (6ms)
				EditorAssembliesLoaded (0ms)
			ExecutionOrderSort2 (0ms)
			AwakeInstancesAfterBackupRestoration (12ms)
Platform modules already initialized, skipping
Refreshing native plugins compatible for Editor in 0.82 ms, found 4 plugins.
Preloading 0 native plugins for Editor in 0.00 ms.
Unloading 3960 Unused Serialized files (Serialized files now loaded: 0)
System memory in use before: 152.4 MB.
System memory in use after: 152.5 MB.

Unloading 23 unused Assets to reduce memory usage. Loaded Objects now: 4564.
Total: 2.821300 ms (FindLiveObjects: 0.347900 ms CreateObjectMapping: 0.430000 ms MarkObjects: 1.940600 ms  DeleteObjects: 0.101800 ms)

AssetImportParameters requested are different than current active one (requested -> active):
  custom:framework-win-MediaFoundation: 216162199b28c13a410421893ffa2e32 -> 
  custom:video-decoder-ogg-theora: a1e56fd34408186e4bbccfd4996cb3dc -> 
  custom:container-muxer-webm: aa71ff27fc2769a1b78a27578f13a17b -> 
  custom:container-demuxer-webm: 4f35f7cbe854078d1ac9338744f61a02 -> 
  custom:container-demuxer-ogg: 62fdf1f143b41e24485cea50d1cbac27 -> 
  custom:video-encoder-webm-vp8: eb34c28f22e8b96e1ab97ce403110664 -> 
  custom:video-decoder-webm-vp8: 9c59270c3fd7afecdb556c50c9e8de78 -> 
  custom:audio-decoder-ogg-vorbis: bf7c407c2cedff20999df2af8eb42d56 -> 
  custom:audio-encoder-webm-vorbis: bf7c407c2cedff20999df2af8eb42d56 -> 
AssetImportWorkerClient::OnTransportError - code=2 error=End of file
